<?xml version="1.0" encoding="UTF-8"?>
<!-- Generated by org.testng.reporters.JUnitReportReporter -->
<testsuite skipped="0" hostname="LAPTOP-F3AQ14PA" name="main.Runner" tests="1" failures="0" timestamp="2020-11-12T17:00:57 EST" time="0.879" errors="0">
  <testcase name="main" time="0.879" classname="main.Runner"/>
  <system-out/>
</testsuite> <!-- main.Runner -->
