<?xml version="1.0" encoding="UTF-8"?>
<!-- Generated by org.testng.reporters.JUnitReportReporter -->
<testsuite skipped="0" hostname="LAPTOP-F3AQ14PA" name="testCases.HomePageTest" tests="1" failures="0" timestamp="2020-11-19T00:09:50 EST" time="4.749" errors="0">
  <testcase name="signIn" time="4.749" classname="testCases.HomePageTest"/>
  <system-out/>
</testsuite> <!-- testCases.HomePageTest -->
