<?xml version="1.0" encoding="UTF-8"?>
<!-- Generated by org.testng.reporters.JUnitReportReporter -->
<testsuite skipped="0" hostname="LAPTOP-F3AQ14PA" name="main.Runner" tests="1" failures="0" timestamp="2020-11-16T12:00:11 EST" time="3.960" errors="0">
  <testcase name="main" time="3.960" classname="main.Runner"/>
  <system-out/>
</testsuite> <!-- main.Runner -->
