<?xml version="1.0" encoding="UTF-8"?>
<!-- Generated by org.testng.reporters.JUnitReportReporter -->
<testsuite skipped="0" hostname="LAPTOP-F3AQ14PA" name="testCases.SignUpPageTest" tests="1" failures="0" timestamp="2020-11-19T00:12:04 EST" time="9.692" errors="0">
  <testcase name="signUp" time="9.692" classname="testCases.SignUpPageTest"/>
  <system-out/>
</testsuite> <!-- testCases.SignUpPageTest -->
